{"D:\\myProjects1\\myserver\\index.js":{"path":"D:\\myProjects1\\myserver\\index.js","s":{"1":1,"2":0,"3":0,"4":0,"5":0},"b":{},"f":{"1":0},"fnMap":{"1":{"name":"(anonymous_1)","line":14,"loc":{"start":{"line":14,"column":19},"end":{"line":14,"column":35}}}},"statementMap":{"1":{"start":{"line":14,"column":0},"end":{"line":19,"column":1}},"2":{"start":{"line":15,"column":2},"end":{"line":15,"column":42}},"3":{"start":{"line":16,"column":2},"end":{"line":16,"column":19}},"4":{"start":{"line":17,"column":2},"end":{"line":17,"column":24}},"5":{"start":{"line":18,"column":2},"end":{"line":18,"column":33}}},"branchMap":{}}}